{"time":"2026-06-07T02:34:52+00:00","channel":"security","level":"INFO","message":"Migrated plaintext user sensitive data.","context":{"count":1}}
{"time":"2026-06-07T02:35:14+00:00","channel":"mailer","level":"INFO","message":"Email sent.","context":{"to":"anthony.domasig@evsu.edu.ph","subject":"BantayPurrPaws — Password Reset OTP"}}
{"time":"2026-06-07T02:35:54+00:00","channel":"mailer","level":"INFO","message":"Email sent.","context":{"to":"anthony.domasig@evsu.edu.ph","subject":"BantayPurrPaws — Your Password Was Changed"}}
{"time":"2026-06-07T02:36:04+00:00","channel":"mailer","level":"INFO","message":"Email sent.","context":{"to":"anthony.domasig@evsu.edu.ph","subject":"BantayPurrPaws — Verify Your Sign-In Attempt"}}
{"time":"2026-06-07T02:36:16+00:00","channel":"mailer","level":"INFO","message":"Email sent.","context":{"to":"anthony.domasig@evsu.edu.ph","subject":"BantayPurrPaws — Number Matching Verification"}}
{"time":"2026-06-07T02:36:30+00:00","channel":"mailer","level":"INFO","message":"Email sent.","context":{"to":"anthony.domasig@evsu.edu.ph","subject":"BantayPurrPaws — Email Verification OTP"}}
{"time":"2026-06-07T02:37:15+00:00","channel":"mailer","level":"INFO","message":"Email sent.","context":{"to":"anthony.domasig@evsu.edu.ph","subject":"BantayPurrPaws — Email Verification OTP"}}
{"time":"2026-06-07T02:48:50+00:00","channel":"mailer","level":"INFO","message":"Email sent.","context":{"to":"anthony.domasig@evsu.edu.ph","subject":"BantayPurrPaws — Verify Your Sign-In Attempt"}}
{"time":"2026-06-07T02:48:59+00:00","channel":"mailer","level":"INFO","message":"Email sent.","context":{"to":"anthony.domasig@evsu.edu.ph","subject":"BantayPurrPaws — Number Matching Verification"}}
{"time":"2026-06-07T02:49:30+00:00","channel":"mailer","level":"INFO","message":"Email sent.","context":{"to":"anthony.domasig@evsu.edu.ph","subject":"BantayPurrPaws — Email Verification OTP"}}
{"time":"2026-06-07T02:51:39+00:00","channel":"mailer","level":"INFO","message":"Email sent.","context":{"to":"anthony.domasig@evsu.edu.ph","subject":"BantayPurrPaws — Email Verification OTP"}}
{"time":"2026-06-07T02:53:57+00:00","channel":"mailer","level":"INFO","message":"Email sent.","context":{"to":"anthony.domasig@evsu.edu.ph","subject":"BantayPurrPaws — Email Verification OTP"}}
{"time":"2026-06-07T02:54:33+00:00","channel":"mailer","level":"INFO","message":"Email sent.","context":{"to":"anthony.domasig@evsu.edu.ph","subject":"BantayPurrPaws — Verify Your Sign-In Attempt"}}
{"time":"2026-06-07T02:54:45+00:00","channel":"mailer","level":"INFO","message":"Email sent.","context":{"to":"anthony.domasig@evsu.edu.ph","subject":"BantayPurrPaws — Number Matching Verification"}}
{"time":"2026-06-07T05:20:13+00:00","channel":"mailer","level":"INFO","message":"Email sent.","context":{"to":"anthony.domasig@evsu.edu.ph","subject":"BantayPurrPaws — Verify Your Sign-In Attempt"}}
{"time":"2026-06-07T05:20:23+00:00","channel":"mailer","level":"INFO","message":"Email sent.","context":{"to":"anthony.domasig@evsu.edu.ph","subject":"BantayPurrPaws — Number Matching Verification"}}
{"time":"2026-06-07T05:20:27+00:00","channel":"mailer","level":"INFO","message":"Email sent.","context":{"to":"anthony.domasig@evsu.edu.ph","subject":"BantayPurrPaws — Email Verification OTP"}}
{"time":"2026-06-07T05:32:52+00:00","channel":"security","level":"ERROR","message":"Decryption failed."}
{"time":"2026-06-07T05:32:52+00:00","channel":"security","level":"ERROR","message":"Decryption failed."}
{"time":"2026-06-07T05:32:52+00:00","channel":"security","level":"ERROR","message":"Decryption failed."}
{"time":"2026-06-07T05:32:52+00:00","channel":"security","level":"ERROR","message":"Decryption failed."}
{"time":"2026-06-07T05:34:15+00:00","channel":"mailer","level":"INFO","message":"Email sent.","context":{"to":"anthony.domasig@evsu.edu.ph","subject":"BantayPurrPaws — Password Reset OTP"}}
{"time":"2026-06-07T05:35:27+00:00","channel":"mailer","level":"INFO","message":"Email sent.","context":{"to":"anthony.domasig@evsu.edu.ph","subject":"BantayPurrPaws — Your Password Was Changed"}}
{"time":"2026-06-07T05:35:39+00:00","channel":"mailer","level":"INFO","message":"Email sent.","context":{"to":"anthony.domasig@evsu.edu.ph","subject":"BantayPurrPaws — Verify Your Sign-In Attempt"}}
{"time":"2026-06-07T05:35:55+00:00","channel":"mailer","level":"INFO","message":"Email sent.","context":{"to":"anthony.domasig@evsu.edu.ph","subject":"BantayPurrPaws — Number Matching Verification"}}
{"time":"2026-06-07T05:36:02+00:00","channel":"mailer","level":"INFO","message":"Email sent.","context":{"to":"anthony.domasig@evsu.edu.ph","subject":"BantayPurrPaws — Email Verification OTP"}}
{"time":"2026-06-07T08:45:42+00:00","channel":"mailer","level":"INFO","message":"Email sent.","context":{"to":"anthony.domasig@evsu.edu.ph","subject":"BantayPurrPaws — Verify Your Sign-In Attempt"}}
{"time":"2026-06-07T08:45:53+00:00","channel":"mailer","level":"INFO","message":"Email sent.","context":{"to":"anthony.domasig@evsu.edu.ph","subject":"BantayPurrPaws — Number Matching Verification"}}
{"time":"2026-06-07T08:46:06+00:00","channel":"mailer","level":"INFO","message":"Email sent.","context":{"to":"anthony.domasig@evsu.edu.ph","subject":"BantayPurrPaws — Email Verification OTP"}}
{"time":"2026-06-07T08:52:06+00:00","channel":"mailer","level":"INFO","message":"Email sent.","context":{"to":"anthony.domasig@evsu.edu.ph","subject":"BantayPurrPaws — Email Verification OTP"}}
{"time":"2026-06-07T08:55:48+00:00","channel":"mailer","level":"INFO","message":"Email sent.","context":{"to":"anthony.domasig@evsu.edu.ph","subject":"BantayPurrPaws — Email Verification OTP"}}
{"time":"2026-06-07T08:56:55+00:00","channel":"security","level":"ERROR","message":"Decryption failed."}
{"time":"2026-06-07T08:56:55+00:00","channel":"security","level":"ERROR","message":"Decryption failed."}
{"time":"2026-06-07T08:56:55+00:00","channel":"security","level":"ERROR","message":"Decryption failed."}
{"time":"2026-06-07T08:56:55+00:00","channel":"security","level":"ERROR","message":"Decryption failed."}
{"time":"2026-06-07T08:59:23+00:00","channel":"mailer","level":"INFO","message":"Email sent.","context":{"to":"anthony.domasig@evsu.edu.ph","subject":"BantayPurrPaws — Verify Your Sign-In Attempt"}}
{"time":"2026-06-07T08:59:32+00:00","channel":"mailer","level":"INFO","message":"Email sent.","context":{"to":"anthony.domasig@evsu.edu.ph","subject":"BantayPurrPaws — Number Matching Verification"}}
{"time":"2026-06-07T09:19:30+00:00","channel":"mailer","level":"INFO","message":"Email sent.","context":{"to":"anthony.domasig@evsu.edu.ph","subject":"BantayPurrPaws — Verify Your Sign-In Attempt"}}
{"time":"2026-06-07T09:19:44+00:00","channel":"mailer","level":"INFO","message":"Email sent.","context":{"to":"anthony.domasig@evsu.edu.ph","subject":"BantayPurrPaws — Number Matching Verification"}}
{"time":"2026-06-07T10:52:28+00:00","channel":"mailer","level":"INFO","message":"Email sent.","context":{"to":"anthony.domasig@evsu.edu.ph","subject":"BantayPurrPaws — Verify Your Sign-In Attempt"}}
{"time":"2026-06-07T10:53:10+00:00","channel":"mailer","level":"INFO","message":"Email sent.","context":{"to":"anthony.domasig@evsu.edu.ph","subject":"BantayPurrPaws — Number Matching Verification"}}
{"time":"2026-06-07T11:10:39+00:00","channel":"mailer","level":"INFO","message":"Email sent.","context":{"to":"anthony.domasig@evsu.edu.ph","subject":"BantayPurrPaws — Email Verification OTP"}}
{"time":"2026-06-07T11:11:00+00:00","channel":"notifications","level":"INFO","message":"Notification created.","context":{"type":"system","id":41}}
{"time":"2026-06-07T11:11:30+00:00","channel":"mailer","level":"INFO","message":"Email sent.","context":{"to":"anthony.domasig@evsu.edu.ph","subject":"BantayPurrPaws — Verify Your Sign-In Attempt"}}
{"time":"2026-06-07T11:11:41+00:00","channel":"mailer","level":"INFO","message":"Email sent.","context":{"to":"anthony.domasig@evsu.edu.ph","subject":"BantayPurrPaws — Number Matching Verification"}}
{"time":"2026-06-07T11:12:02+00:00","channel":"mailer","level":"INFO","message":"Email sent.","context":{"to":"anthony.domasig@evsu.edu.ph","subject":"BantayPurrPaws — Email Verification OTP"}}
{"time":"2026-06-07T11:12:14+00:00","channel":"notifications","level":"INFO","message":"Notification created.","context":{"type":"system","id":42}}
{"time":"2026-06-07T11:12:17+00:00","channel":"security","level":"ERROR","message":"Decryption failed."}
{"time":"2026-06-07T11:12:17+00:00","channel":"security","level":"ERROR","message":"Decryption failed."}
{"time":"2026-06-07T11:12:17+00:00","channel":"security","level":"ERROR","message":"Decryption failed."}
{"time":"2026-06-07T11:12:17+00:00","channel":"security","level":"ERROR","message":"Decryption failed."}
{"time":"2026-06-07T11:12:28+00:00","channel":"mailer","level":"INFO","message":"Email sent.","context":{"to":"anthony.domasig@evsu.edu.ph","subject":"BantayPurrPaws — Email Verification OTP"}}
{"time":"2026-06-07T11:14:19+00:00","channel":"security","level":"ERROR","message":"Decryption failed."}
{"time":"2026-06-07T11:14:19+00:00","channel":"security","level":"ERROR","message":"Decryption failed."}
{"time":"2026-06-07T11:14:23+00:00","channel":"security","level":"ERROR","message":"Decryption failed."}
{"time":"2026-06-07T11:23:17+00:00","channel":"mailer","level":"INFO","message":"Email sent.","context":{"to":"anthony.domasig@evsu.edu.ph","subject":"BantayPurrPaws — Verify Your Sign-In Attempt"}}
{"time":"2026-06-07T11:24:39+00:00","channel":"mailer","level":"INFO","message":"Email sent.","context":{"to":"anthony.domasig@evsu.edu.ph","subject":"BantayPurrPaws — Number Matching Verification"}}
{"time":"2026-06-07T11:25:45+00:00","channel":"mailer","level":"INFO","message":"Email sent.","context":{"to":"anthony.domasig@evsu.edu.ph","subject":"BantayPurrPaws — Email Verification OTP"}}
{"time":"2026-06-07T11:26:27+00:00","channel":"notifications","level":"INFO","message":"Notification created.","context":{"type":"system","id":43}}
{"time":"2026-06-07T11:26:59+00:00","channel":"security","level":"ERROR","message":"Decryption failed."}
{"time":"2026-06-07T11:28:16+00:00","channel":"security","level":"ERROR","message":"Decryption failed."}
{"time":"2026-06-07T11:28:28+00:00","channel":"mailer","level":"INFO","message":"Email sent.","context":{"to":"claudify0@gmail.com","subject":"BantayPurrPaws — Staff Account Invitation"}}
{"time":"2026-06-07T11:28:28+00:00","channel":"security","level":"ERROR","message":"Decryption failed."}
{"time":"2026-06-07T11:28:49+00:00","channel":"security","level":"ERROR","message":"Decryption failed."}
{"time":"2026-06-07T11:29:01+00:00","channel":"security","level":"ERROR","message":"Decryption failed."}
{"time":"2026-06-07T11:29:01+00:00","channel":"security","level":"ERROR","message":"Decryption failed."}
{"time":"2026-06-07T11:29:05+00:00","channel":"security","level":"ERROR","message":"Decryption failed."}
{"time":"2026-06-07T11:30:00+00:00","channel":"mailer","level":"INFO","message":"Email sent.","context":{"to":"claudify0@gmail.com","subject":"BantayPurrPaws — Verify Your Sign-In Attempt"}}
{"time":"2026-06-07T11:30:10+00:00","channel":"mailer","level":"INFO","message":"Email sent.","context":{"to":"algiepawaan@gmail.com","subject":"BantayPurrPaws — Email Verification OTP"}}
{"time":"2026-06-07T11:30:59+00:00","channel":"notifications","level":"INFO","message":"Notification created.","context":{"type":"system","id":44}}
{"time":"2026-06-07T11:31:18+00:00","channel":"mailer","level":"INFO","message":"Email sent.","context":{"to":"algiepawaan@gmail.com","subject":"BantayPurrPaws — Email Verification OTP"}}
{"time":"2026-06-07T11:32:20+00:00","channel":"mailer","level":"INFO","message":"Email sent.","context":{"to":"claudify0@gmail.com","subject":"BantayPurrPaws — Verify Your Sign-In Attempt"}}
{"time":"2026-06-07T11:32:58+00:00","channel":"notifications","level":"INFO","message":"Notification created.","context":{"type":"report","id":45}}
{"time":"2026-06-07T11:33:10+00:00","channel":"security","level":"ERROR","message":"Decryption failed."}
{"time":"2026-06-07T11:33:10+00:00","channel":"security","level":"ERROR","message":"Decryption failed."}
{"time":"2026-06-07T11:33:10+00:00","channel":"security","level":"ERROR","message":"Decryption failed."}
{"time":"2026-06-07T11:33:10+00:00","channel":"security","level":"ERROR","message":"Decryption failed."}
{"time":"2026-06-07T11:33:24+00:00","channel":"security","level":"ERROR","message":"Decryption failed."}
{"time":"2026-06-07T11:37:22+00:00","channel":"mailer","level":"INFO","message":"Email sent.","context":{"to":"claudify0@gmail.com","subject":"BantayPurrPaws — Verify Your Sign-In Attempt"}}
{"time":"2026-06-07T11:38:12+00:00","channel":"mailer","level":"INFO","message":"Email sent.","context":{"to":"claudify0@gmail.com","subject":"BantayPurrPaws — Number Matching Verification"}}
{"time":"2026-06-07T11:38:34+00:00","channel":"mailer","level":"INFO","message":"Email sent.","context":{"to":"claudify0@gmail.com","subject":"BantayPurrPaws — Email Verification OTP"}}
{"time":"2026-06-07T11:39:02+00:00","channel":"notifications","level":"INFO","message":"Notification created.","context":{"type":"system","id":46}}
{"time":"2026-06-07T11:39:33+00:00","channel":"security","level":"ERROR","message":"Decryption failed."}
{"time":"2026-06-07T11:39:33+00:00","channel":"security","level":"ERROR","message":"Decryption failed."}
{"time":"2026-06-07T11:39:33+00:00","channel":"security","level":"ERROR","message":"Decryption failed."}
{"time":"2026-06-07T11:39:33+00:00","channel":"security","level":"ERROR","message":"Decryption failed."}
{"time":"2026-06-07T11:39:37+00:00","channel":"security","level":"ERROR","message":"Decryption failed."}
{"time":"2026-06-07T11:39:42+00:00","channel":"mailer","level":"INFO","message":"Email sent.","context":{"to":"anthony.domasig@evsu.edu.ph","subject":"BantayPurrPaws — Verify Your Sign-In Attempt"}}
{"time":"2026-06-07T11:40:10+00:00","channel":"security","level":"ERROR","message":"Decryption failed."}
{"time":"2026-06-07T11:40:10+00:00","channel":"security","level":"ERROR","message":"Decryption failed."}
{"time":"2026-06-07T11:40:14+00:00","channel":"security","level":"ERROR","message":"Decryption failed."}
{"time":"2026-06-07T11:40:42+00:00","channel":"notifications","level":"INFO","message":"Notification created.","context":{"type":"system","id":47}}
{"time":"2026-06-07T11:41:04+00:00","channel":"security","level":"ERROR","message":"Decryption failed."}
{"time":"2026-06-07T11:41:04+00:00","channel":"security","level":"ERROR","message":"Decryption failed."}
{"time":"2026-06-07T11:41:04+00:00","channel":"security","level":"ERROR","message":"Decryption failed."}
{"time":"2026-06-07T11:41:04+00:00","channel":"security","level":"ERROR","message":"Decryption failed."}
{"time":"2026-06-07T11:41:19+00:00","channel":"security","level":"ERROR","message":"Decryption failed."}
{"time":"2026-06-07T11:41:19+00:00","channel":"security","level":"ERROR","message":"Decryption failed."}
{"time":"2026-06-07T11:41:19+00:00","channel":"security","level":"ERROR","message":"Decryption failed."}
{"time":"2026-06-07T11:41:19+00:00","channel":"security","level":"ERROR","message":"Decryption failed."}
{"time":"2026-06-07T11:41:37+00:00","channel":"security","level":"ERROR","message":"Decryption failed."}
{"time":"2026-06-07T11:41:37+00:00","channel":"security","level":"ERROR","message":"Decryption failed."}
{"time":"2026-06-07T11:41:37+00:00","channel":"security","level":"ERROR","message":"Decryption failed."}
{"time":"2026-06-07T11:41:37+00:00","channel":"security","level":"ERROR","message":"Decryption failed."}
{"time":"2026-06-07T11:42:03+00:00","channel":"mailer","level":"INFO","message":"Email sent.","context":{"to":"anthony.domasig@evsu.edu.ph","subject":"BantayPurrPaws — Number Matching Verification"}}
{"time":"2026-06-07T11:42:11+00:00","channel":"mailer","level":"INFO","message":"Email sent.","context":{"to":"anthony.domasig@evsu.edu.ph","subject":"BantayPurrPaws — Email Verification OTP"}}
{"time":"2026-06-07T11:42:26+00:00","channel":"notifications","level":"INFO","message":"Notification created.","context":{"type":"system","id":48}}
{"time":"2026-06-07T11:43:54+00:00","channel":"mailer","level":"INFO","message":"Email sent.","context":{"to":"claudify0@gmail.com","subject":"BantayPurrPaws — Email Verification OTP"}}
{"time":"2026-06-07T11:44:50+00:00","channel":"security","level":"ERROR","message":"Decryption failed."}
{"time":"2026-06-07T11:44:50+00:00","channel":"security","level":"ERROR","message":"Decryption failed."}
{"time":"2026-06-07T11:44:50+00:00","channel":"security","level":"ERROR","message":"Decryption failed."}
{"time":"2026-06-07T11:44:50+00:00","channel":"security","level":"ERROR","message":"Decryption failed."}
{"time":"2026-06-07T11:45:19+00:00","channel":"security","level":"ERROR","message":"Decryption failed."}
{"time":"2026-06-07T11:45:19+00:00","channel":"security","level":"ERROR","message":"Decryption failed."}
{"time":"2026-06-07T11:45:19+00:00","channel":"security","level":"ERROR","message":"Decryption failed."}
{"time":"2026-06-07T11:45:19+00:00","channel":"security","level":"ERROR","message":"Decryption failed."}
{"time":"2026-06-07T11:45:53+00:00","channel":"security","level":"ERROR","message":"Decryption failed."}
{"time":"2026-06-07T11:46:03+00:00","channel":"notifications","level":"INFO","message":"Notification created.","context":{"type":"system","id":49}}
{"time":"2026-06-07T11:46:43+00:00","channel":"security","level":"ERROR","message":"Decryption failed."}
{"time":"2026-06-07T11:48:01+00:00","channel":"security","level":"ERROR","message":"Decryption failed."}
{"time":"2026-06-07T11:48:30+00:00","channel":"notifications","level":"INFO","message":"Notification created.","context":{"type":"system","id":50}}
{"time":"2026-06-07T11:48:44+00:00","channel":"security","level":"ERROR","message":"Decryption failed."}
{"time":"2026-06-07T11:48:44+00:00","channel":"security","level":"ERROR","message":"Decryption failed."}
{"time":"2026-06-07T11:48:44+00:00","channel":"security","level":"ERROR","message":"Decryption failed."}
{"time":"2026-06-07T11:48:44+00:00","channel":"security","level":"ERROR","message":"Decryption failed."}
{"time":"2026-06-07T11:49:43+00:00","channel":"security","level":"ERROR","message":"Decryption failed."}
{"time":"2026-06-07T11:50:11+00:00","channel":"security","level":"ERROR","message":"Decryption failed."}
{"time":"2026-06-07T11:50:11+00:00","channel":"security","level":"ERROR","message":"Decryption failed."}
{"time":"2026-06-07T11:50:11+00:00","channel":"security","level":"ERROR","message":"Decryption failed."}
{"time":"2026-06-07T11:50:11+00:00","channel":"security","level":"ERROR","message":"Decryption failed."}
{"time":"2026-06-07T11:50:25+00:00","channel":"security","level":"ERROR","message":"Decryption failed."}
{"time":"2026-06-07T11:50:25+00:00","channel":"security","level":"ERROR","message":"Decryption failed."}
{"time":"2026-06-07T11:50:25+00:00","channel":"security","level":"ERROR","message":"Decryption failed."}
{"time":"2026-06-07T11:50:25+00:00","channel":"security","level":"ERROR","message":"Decryption failed."}
{"time":"2026-06-07T11:50:32+00:00","channel":"security","level":"ERROR","message":"Decryption failed."}
{"time":"2026-06-07T11:51:51+00:00","channel":"mailer","level":"INFO","message":"Email sent.","context":{"to":"claudify0@gmail.com","subject":"BantayPurrPaws — Verify Your Sign-In Attempt"}}
{"time":"2026-06-07T11:52:11+00:00","channel":"mailer","level":"INFO","message":"Email sent.","context":{"to":"claudify0@gmail.com","subject":"BantayPurrPaws — Number Matching Verification"}}
{"time":"2026-06-07T11:52:26+00:00","channel":"mailer","level":"INFO","message":"Email sent.","context":{"to":"claudify0@gmail.com","subject":"BantayPurrPaws — Email Verification OTP"}}
{"time":"2026-06-07T11:52:59+00:00","channel":"notifications","level":"INFO","message":"Notification created.","context":{"type":"system","id":51}}
{"time":"2026-06-07T11:53:02+00:00","channel":"security","level":"ERROR","message":"Decryption failed."}
{"time":"2026-06-07T11:53:02+00:00","channel":"security","level":"ERROR","message":"Decryption failed."}
{"time":"2026-06-07T11:53:02+00:00","channel":"security","level":"ERROR","message":"Decryption failed."}
{"time":"2026-06-07T11:53:02+00:00","channel":"security","level":"ERROR","message":"Decryption failed."}
{"time":"2026-06-07T11:54:29+00:00","channel":"mailer","level":"INFO","message":"Email sent.","context":{"to":"anthony.domasig@evsu.edu.ph","subject":"BantayPurrPaws — Verify Your Sign-In Attempt"}}
{"time":"2026-06-07T11:54:44+00:00","channel":"mailer","level":"INFO","message":"Email sent.","context":{"to":"anthony.domasig@evsu.edu.ph","subject":"BantayPurrPaws — Number Matching Verification"}}
{"time":"2026-06-07T11:54:53+00:00","channel":"mailer","level":"INFO","message":"Email sent.","context":{"to":"anthony.domasig@evsu.edu.ph","subject":"BantayPurrPaws — Email Verification OTP"}}
{"time":"2026-06-07T11:55:21+00:00","channel":"notifications","level":"INFO","message":"Notification created.","context":{"type":"system","id":52}}
{"time":"2026-06-07T11:55:24+00:00","channel":"mailer","level":"INFO","message":"Email sent.","context":{"to":"algiepawaan@gmail.com","subject":"BantayPurrPaws — Verify Your Sign-In Attempt"}}
{"time":"2026-06-07T11:55:25+00:00","channel":"security","level":"ERROR","message":"Decryption failed."}
{"time":"2026-06-07T11:55:25+00:00","channel":"security","level":"ERROR","message":"Decryption failed."}
{"time":"2026-06-07T11:55:25+00:00","channel":"security","level":"ERROR","message":"Decryption failed."}
{"time":"2026-06-07T11:55:25+00:00","channel":"security","level":"ERROR","message":"Decryption failed."}
{"time":"2026-06-07T11:55:29+00:00","channel":"mailer","level":"INFO","message":"Email sent.","context":{"to":"algiepawaan@gmail.com","subject":"BantayPurrPaws — Rescue Report Approved"}}
{"time":"2026-06-07T11:55:39+00:00","channel":"mailer","level":"INFO","message":"Email sent.","context":{"to":"algiepawaan@gmail.com","subject":"BantayPurrPaws — Rescue Report Approved"}}
{"time":"2026-06-07T11:55:47+00:00","channel":"security","level":"ERROR","message":"Decryption failed."}
{"time":"2026-06-07T11:55:47+00:00","channel":"security","level":"ERROR","message":"Decryption failed."}
{"time":"2026-06-07T11:55:47+00:00","channel":"security","level":"ERROR","message":"Decryption failed."}
{"time":"2026-06-07T11:55:47+00:00","channel":"security","level":"ERROR","message":"Decryption failed."}
{"time":"2026-06-07T11:56:22+00:00","channel":"mailer","level":"INFO","message":"Email sent.","context":{"to":"algiepawaan@gmail.com","subject":"BantayPurrPaws — Unauthorized Login Attempt Blocked"}}
{"time":"2026-06-07T12:09:28+00:00","channel":"mailer","level":"INFO","message":"Email sent.","context":{"to":"anthony.domasig@evsu.edu.ph","subject":"BantayPurrPaws — Email Verification OTP"}}
{"time":"2026-06-07T12:26:24+00:00","channel":"mailer","level":"INFO","message":"Email sent.","context":{"to":"anthony.domasig@evsu.edu.ph","subject":"BantayPurrPaws — Verify Your Sign-In Attempt"}}
{"time":"2026-06-07T12:26:47+00:00","channel":"mailer","level":"INFO","message":"Email sent.","context":{"to":"anthony.domasig@evsu.edu.ph","subject":"BantayPurrPaws — Number Matching Verification"}}
{"time":"2026-06-07T12:26:57+00:00","channel":"mailer","level":"INFO","message":"Email sent.","context":{"to":"anthony.domasig@evsu.edu.ph","subject":"BantayPurrPaws — Email Verification OTP"}}
{"time":"2026-06-07T12:27:18+00:00","channel":"notifications","level":"INFO","message":"Notification created.","context":{"type":"system","id":53}}
{"time":"2026-06-07T12:27:21+00:00","channel":"security","level":"ERROR","message":"Decryption failed."}
{"time":"2026-06-07T12:27:21+00:00","channel":"security","level":"ERROR","message":"Decryption failed."}
{"time":"2026-06-07T12:27:21+00:00","channel":"security","level":"ERROR","message":"Decryption failed."}
{"time":"2026-06-07T12:27:21+00:00","channel":"security","level":"ERROR","message":"Decryption failed."}
{"time":"2026-06-07T12:32:47+00:00","channel":"mailer","level":"INFO","message":"Email sent.","context":{"to":"jeofreyjames.colon@evsu.edu.ph","subject":"BantayPurrPaws — Email Verification OTP"}}
{"time":"2026-06-07T12:41:14+00:00","channel":"mailer","level":"INFO","message":"Email sent.","context":{"to":"jeofreyjamess@gmail.com","subject":"BantayPurrPaws — Email Verification OTP"}}
{"time":"2026-06-07T12:41:19+00:00","channel":"mailer","level":"INFO","message":"Email sent.","context":{"to":"algie.pawaan@evsu.edu.ph","subject":"BantayPurrPaws — Email Verification OTP"}}
{"time":"2026-06-07T12:42:05+00:00","channel":"mailer","level":"INFO","message":"Email sent.","context":{"to":"jeofreyjamess@gmail.com","subject":"BantayPurrPaws — Email Verification OTP"}}
{"time":"2026-06-07T12:42:10+00:00","channel":"notifications","level":"INFO","message":"Notification created.","context":{"type":"system","id":54}}
{"time":"2026-06-07T12:42:56+00:00","channel":"notifications","level":"INFO","message":"Notification created.","context":{"type":"system","id":55}}
{"time":"2026-06-07T12:43:22+00:00","channel":"mailer","level":"INFO","message":"Email sent.","context":{"to":"jeofreyjamess@gmail.com","subject":"BantayPurrPaws — Email Verification OTP"}}
{"time":"2026-06-07T12:44:08+00:00","channel":"notifications","level":"INFO","message":"Notification created.","context":{"type":"adoption","id":56}}
{"time":"2026-06-07T12:47:03+00:00","channel":"mailer","level":"INFO","message":"Email sent.","context":{"to":"anthony.domasig@evsu.edu.ph","subject":"BantayPurrPaws — Verify Your Sign-In Attempt"}}
{"time":"2026-06-07T12:47:15+00:00","channel":"mailer","level":"INFO","message":"Email sent.","context":{"to":"anthony.domasig@evsu.edu.ph","subject":"BantayPurrPaws — Number Matching Verification"}}
{"time":"2026-06-07T12:47:29+00:00","channel":"mailer","level":"INFO","message":"Email sent.","context":{"to":"anthony.domasig@evsu.edu.ph","subject":"BantayPurrPaws — Email Verification OTP"}}
{"time":"2026-06-07T12:47:47+00:00","channel":"notifications","level":"INFO","message":"Notification created.","context":{"type":"system","id":57}}
{"time":"2026-06-07T12:48:04+00:00","channel":"mailer","level":"INFO","message":"Email sent.","context":{"to":"jeofreyjamess@gmail.com","subject":"BantayPurrPaws — Adoption Application Approved"}}
{"time":"2026-06-07T12:48:32+00:00","channel":"mailer","level":"INFO","message":"Email sent.","context":{"to":"riccselling05@gmail.com","subject":"BantayPurrPaws — Email Verification OTP"}}
{"time":"2026-06-07T12:49:16+00:00","channel":"notifications","level":"INFO","message":"Notification created.","context":{"type":"system","id":58}}
{"time":"2026-06-07T13:03:17+00:00","channel":"mailer","level":"INFO","message":"Email sent.","context":{"to":"juniferjose05@gmail.com","subject":"BantayPurrPaws — Email Verification OTP"}}
{"time":"2026-06-07T13:04:07+00:00","channel":"notifications","level":"INFO","message":"Notification created.","context":{"type":"system","id":59}}
{"time":"2026-06-07T13:05:28+00:00","channel":"mailer","level":"INFO","message":"Email sent.","context":{"to":"juniferjose05@gmail.com","subject":"BantayPurrPaws — Verify Your Sign-In Attempt"}}
{"time":"2026-06-07T13:06:57+00:00","channel":"mailer","level":"INFO","message":"Email sent.","context":{"to":"juniferjose05@gmail.com","subject":"BantayPurrPaws — Verify Your Sign-In Attempt"}}
{"time":"2026-06-07T13:08:14+00:00","channel":"mailer","level":"INFO","message":"Email sent.","context":{"to":"juniferjose05@gmail.com","subject":"BantayPurrPaws — Number Matching Verification"}}
{"time":"2026-06-07T13:09:15+00:00","channel":"mailer","level":"INFO","message":"Email sent.","context":{"to":"juniferjose05@gmail.com","subject":"BantayPurrPaws — Email Verification OTP"}}
{"time":"2026-06-07T15:23:25+00:00","channel":"mailer","level":"INFO","message":"Email sent.","context":{"to":"anthony.domasig@evsu.edu.ph","subject":"BantayPurrPaws — Verify Your Sign-In Attempt"}}
{"time":"2026-06-07T15:23:53+00:00","channel":"mailer","level":"INFO","message":"Email sent.","context":{"to":"anthony.domasig@evsu.edu.ph","subject":"BantayPurrPaws — Number Matching Verification"}}
{"time":"2026-06-07T15:24:05+00:00","channel":"mailer","level":"INFO","message":"Email sent.","context":{"to":"anthony.domasig@evsu.edu.ph","subject":"BantayPurrPaws — Email Verification OTP"}}
{"time":"2026-06-07T15:24:21+00:00","channel":"notifications","level":"INFO","message":"Notification created.","context":{"type":"system","id":60}}
{"time":"2026-06-07T15:27:00+00:00","channel":"security","level":"ERROR","message":"Decryption failed."}
{"time":"2026-06-07T15:27:00+00:00","channel":"security","level":"ERROR","message":"Decryption failed."}
{"time":"2026-06-07T15:27:00+00:00","channel":"security","level":"ERROR","message":"Decryption failed."}
{"time":"2026-06-07T15:27:00+00:00","channel":"security","level":"ERROR","message":"Decryption failed."}
{"time":"2026-06-07T15:27:17+00:00","channel":"security","level":"ERROR","message":"Decryption failed."}
{"time":"2026-06-07T15:27:19+00:00","channel":"security","level":"ERROR","message":"Decryption failed."}
{"time":"2026-06-07T15:27:19+00:00","channel":"security","level":"ERROR","message":"Decryption failed."}
